<?xml version="1.0" encoding="UTF-8"?>
<testsuite xmlns:xsi="http://www.w3.org/2001/XMLSchema-instance" xsi:noNamespaceSchemaLocation="https://maven.apache.org/surefire/maven-surefire-plugin/xsd/surefire-test-report.xsd" name="com.pramati.sale.FlashSaleApplicationTests" time="6.188" tests="1" errors="0" skipped="0" failures="0">
  <properties>
    <property name="sun.desktop" value="gnome"/>
    <property name="awt.toolkit" value="sun.awt.X11.XToolkit"/>
    <property name="file.encoding.pkg" value="sun.io"/>
    <property name="java.specification.version" value="1.8"/>
    <property name="sun.cpu.isalist" value=""/>
    <property name="sun.jnu.encoding" value="UTF-8"/>
    <property name="java.class.path" value="/home/sudhirk/Desktop/SpringPoc/Flash-Sale/target/test-classes:/home/sudhirk/Desktop/SpringPoc/Flash-Sale/target/classes:/home/sudhirk/.m2/repository/org/springframework/boot/spring-boot-starter-actuator/2.2.0.BUILD-SNAPSHOT/spring-boot-starter-actuator-2.2.0.BUILD-SNAPSHOT.jar:/home/sudhirk/.m2/repository/org/springframework/boot/spring-boot-starter/2.2.0.BUILD-SNAPSHOT/spring-boot-starter-2.2.0.BUILD-SNAPSHOT.jar:/home/sudhirk/.m2/repository/org/springframework/boot/spring-boot-starter-logging/2.2.0.BUILD-SNAPSHOT/spring-boot-starter-logging-2.2.0.BUILD-SNAPSHOT.jar:/home/sudhirk/.m2/repository/ch/qos/logback/logback-classic/1.2.3/logback-classic-1.2.3.jar:/home/sudhirk/.m2/repository/ch/qos/logback/logback-core/1.2.3/logback-core-1.2.3.jar:/home/sudhirk/.m2/repository/org/apache/logging/log4j/log4j-to-slf4j/2.11.2/log4j-to-slf4j-2.11.2.jar:/home/sudhirk/.m2/repository/org/apache/logging/log4j/log4j-api/2.11.2/log4j-api-2.11.2.jar:/home/sudhirk/.m2/repository/org/slf4j/jul-to-slf4j/1.7.26/jul-to-slf4j-1.7.26.jar:/home/sudhirk/.m2/repository/jakarta/annotation/jakarta.annotation-api/1.3.4/jakarta.annotation-api-1.3.4.jar:/home/sudhirk/.m2/repository/org/yaml/snakeyaml/1.24/snakeyaml-1.24.jar:/home/sudhirk/.m2/repository/org/springframework/boot/spring-boot-actuator-autoconfigure/2.2.0.BUILD-SNAPSHOT/spring-boot-actuator-autoconfigure-2.2.0.BUILD-SNAPSHOT.jar:/home/sudhirk/.m2/repository/org/springframework/boot/spring-boot-actuator/2.2.0.BUILD-SNAPSHOT/spring-boot-actuator-2.2.0.BUILD-SNAPSHOT.jar:/home/sudhirk/.m2/repository/com/fasterxml/jackson/core/jackson-databind/2.9.8/jackson-databind-2.9.8.jar:/home/sudhirk/.m2/repository/com/fasterxml/jackson/core/jackson-annotations/2.9.0/jackson-annotations-2.9.0.jar:/home/sudhirk/.m2/repository/com/fasterxml/jackson/core/jackson-core/2.9.8/jackson-core-2.9.8.jar:/home/sudhirk/.m2/repository/com/fasterxml/jackson/datatype/jackson-datatype-jsr310/2.9.8/jackson-datatype-jsr310-2.9.8.jar:/home/sudhirk/.m2/repository/io/micrometer/micrometer-core/1.1.4/micrometer-core-1.1.4.jar:/home/sudhirk/.m2/repository/org/hdrhistogram/HdrHistogram/2.1.9/HdrHistogram-2.1.9.jar:/home/sudhirk/.m2/repository/org/latencyutils/LatencyUtils/2.0.3/LatencyUtils-2.0.3.jar:/home/sudhirk/.m2/repository/org/springframework/boot/spring-boot-starter-data-jpa/2.2.0.BUILD-SNAPSHOT/spring-boot-starter-data-jpa-2.2.0.BUILD-SNAPSHOT.jar:/home/sudhirk/.m2/repository/org/springframework/boot/spring-boot-starter-aop/2.2.0.BUILD-SNAPSHOT/spring-boot-starter-aop-2.2.0.BUILD-SNAPSHOT.jar:/home/sudhirk/.m2/repository/org/aspectj/aspectjweaver/1.9.3/aspectjweaver-1.9.3.jar:/home/sudhirk/.m2/repository/org/springframework/boot/spring-boot-starter-jdbc/2.2.0.BUILD-SNAPSHOT/spring-boot-starter-jdbc-2.2.0.BUILD-SNAPSHOT.jar:/home/sudhirk/.m2/repository/com/zaxxer/HikariCP/3.3.1/HikariCP-3.3.1.jar:/home/sudhirk/.m2/repository/org/springframework/spring-jdbc/5.2.0.M1/spring-jdbc-5.2.0.M1.jar:/home/sudhirk/.m2/repository/jakarta/activation/jakarta.activation-api/1.2.1/jakarta.activation-api-1.2.1.jar:/home/sudhirk/.m2/repository/jakarta/persistence/jakarta.persistence-api/2.2.2/jakarta.persistence-api-2.2.2.jar:/home/sudhirk/.m2/repository/jakarta/transaction/jakarta.transaction-api/1.3.2/jakarta.transaction-api-1.3.2.jar:/home/sudhirk/.m2/repository/org/hibernate/hibernate-core/5.4.2.Final/hibernate-core-5.4.2.Final.jar:/home/sudhirk/.m2/repository/org/jboss/logging/jboss-logging/3.3.2.Final/jboss-logging-3.3.2.Final.jar:/home/sudhirk/.m2/repository/org/javassist/javassist/3.24.0-GA/javassist-3.24.0-GA.jar:/home/sudhirk/.m2/repository/net/bytebuddy/byte-buddy/1.9.12/byte-buddy-1.9.12.jar:/home/sudhirk/.m2/repository/antlr/antlr/2.7.7/antlr-2.7.7.jar:/home/sudhirk/.m2/repository/org/jboss/jandex/2.0.5.Final/jandex-2.0.5.Final.jar:/home/sudhirk/.m2/repository/com/fasterxml/classmate/1.5.0/classmate-1.5.0.jar:/home/sudhirk/.m2/repository/org/dom4j/dom4j/2.1.1/dom4j-2.1.1.jar:/home/sudhirk/.m2/repository/org/hibernate/common/hibernate-commons-annotations/5.1.0.Final/hibernate-commons-annotations-5.1.0.Final.jar:/home/sudhirk/.m2/repository/org/glassfish/jaxb/jaxb-runtime/2.3.2/jaxb-runtime-2.3.2.jar:/home/sudhirk/.m2/repository/org/glassfish/jaxb/txw2/2.3.2/txw2-2.3.2.jar:/home/sudhirk/.m2/repository/com/sun/istack/istack-commons-runtime/3.0.8/istack-commons-runtime-3.0.8.jar:/home/sudhirk/.m2/repository/org/jvnet/staxex/stax-ex/1.8.1/stax-ex-1.8.1.jar:/home/sudhirk/.m2/repository/com/sun/xml/fastinfoset/FastInfoset/1.2.16/FastInfoset-1.2.16.jar:/home/sudhirk/.m2/repository/org/springframework/data/spring-data-jpa/2.2.0.M3/spring-data-jpa-2.2.0.M3.jar:/home/sudhirk/.m2/repository/org/springframework/data/spring-data-commons/2.2.0.M3/spring-data-commons-2.2.0.M3.jar:/home/sudhirk/.m2/repository/org/springframework/spring-orm/5.2.0.M1/spring-orm-5.2.0.M1.jar:/home/sudhirk/.m2/repository/org/springframework/spring-tx/5.2.0.M1/spring-tx-5.2.0.M1.jar:/home/sudhirk/.m2/repository/org/slf4j/slf4j-api/1.7.26/slf4j-api-1.7.26.jar:/home/sudhirk/.m2/repository/org/springframework/spring-aspects/5.2.0.M1/spring-aspects-5.2.0.M1.jar:/home/sudhirk/.m2/repository/org/springframework/boot/spring-boot-starter-thymeleaf/2.2.0.BUILD-SNAPSHOT/spring-boot-starter-thymeleaf-2.2.0.BUILD-SNAPSHOT.jar:/home/sudhirk/.m2/repository/org/thymeleaf/thymeleaf-spring5/3.0.11.RELEASE/thymeleaf-spring5-3.0.11.RELEASE.jar:/home/sudhirk/.m2/repository/org/thymeleaf/thymeleaf/3.0.11.RELEASE/thymeleaf-3.0.11.RELEASE.jar:/home/sudhirk/.m2/repository/org/attoparser/attoparser/2.0.5.RELEASE/attoparser-2.0.5.RELEASE.jar:/home/sudhirk/.m2/repository/org/unbescape/unbescape/1.1.6.RELEASE/unbescape-1.1.6.RELEASE.jar:/home/sudhirk/.m2/repository/org/thymeleaf/extras/thymeleaf-extras-java8time/3.0.4.RELEASE/thymeleaf-extras-java8time-3.0.4.RELEASE.jar:/home/sudhirk/.m2/repository/org/springframework/boot/spring-boot-starter-web/2.2.0.BUILD-SNAPSHOT/spring-boot-starter-web-2.2.0.BUILD-SNAPSHOT.jar:/home/sudhirk/.m2/repository/org/springframework/boot/spring-boot-starter-json/2.2.0.BUILD-SNAPSHOT/spring-boot-starter-json-2.2.0.BUILD-SNAPSHOT.jar:/home/sudhirk/.m2/repository/com/fasterxml/jackson/datatype/jackson-datatype-jdk8/2.9.8/jackson-datatype-jdk8-2.9.8.jar:/home/sudhirk/.m2/repository/com/fasterxml/jackson/module/jackson-module-parameter-names/2.9.8/jackson-module-parameter-names-2.9.8.jar:/home/sudhirk/.m2/repository/org/springframework/boot/spring-boot-starter-tomcat/2.2.0.BUILD-SNAPSHOT/spring-boot-starter-tomcat-2.2.0.BUILD-SNAPSHOT.jar:/home/sudhirk/.m2/repository/org/apache/tomcat/embed/tomcat-embed-core/9.0.19/tomcat-embed-core-9.0.19.jar:/home/sudhirk/.m2/repository/org/apache/tomcat/embed/tomcat-embed-el/9.0.19/tomcat-embed-el-9.0.19.jar:/home/sudhirk/.m2/repository/org/apache/tomcat/embed/tomcat-embed-websocket/9.0.19/tomcat-embed-websocket-9.0.19.jar:/home/sudhirk/.m2/repository/org/springframework/boot/spring-boot-starter-validation/2.2.0.BUILD-SNAPSHOT/spring-boot-starter-validation-2.2.0.BUILD-SNAPSHOT.jar:/home/sudhirk/.m2/repository/jakarta/validation/jakarta.validation-api/2.0.1/jakarta.validation-api-2.0.1.jar:/home/sudhirk/.m2/repository/org/hibernate/validator/hibernate-validator/6.0.16.Final/hibernate-validator-6.0.16.Final.jar:/home/sudhirk/.m2/repository/org/springframework/spring-web/5.2.0.M1/spring-web-5.2.0.M1.jar:/home/sudhirk/.m2/repository/org/springframework/spring-webmvc/5.2.0.M1/spring-webmvc-5.2.0.M1.jar:/home/sudhirk/.m2/repository/com/h2database/h2/1.4.199/h2-1.4.199.jar:/home/sudhirk/.m2/repository/commons-validator/commons-validator/1.4.0/commons-validator-1.4.0.jar:/home/sudhirk/.m2/repository/commons-beanutils/commons-beanutils/1.8.3/commons-beanutils-1.8.3.jar:/home/sudhirk/.m2/repository/commons-digester/commons-digester/1.8/commons-digester-1.8.jar:/home/sudhirk/.m2/repository/commons-logging/commons-logging/1.1.1/commons-logging-1.1.1.jar:/home/sudhirk/.m2/repository/org/springframework/boot/spring-boot-devtools/2.2.0.BUILD-SNAPSHOT/spring-boot-devtools-2.2.0.BUILD-SNAPSHOT.jar:/home/sudhirk/.m2/repository/org/springframework/boot/spring-boot/2.2.0.BUILD-SNAPSHOT/spring-boot-2.2.0.BUILD-SNAPSHOT.jar:/home/sudhirk/.m2/repository/org/springframework/boot/spring-boot-autoconfigure/2.2.0.BUILD-SNAPSHOT/spring-boot-autoconfigure-2.2.0.BUILD-SNAPSHOT.jar:/home/sudhirk/.m2/repository/org/springframework/boot/spring-boot-starter-test/2.2.0.BUILD-SNAPSHOT/spring-boot-starter-test-2.2.0.BUILD-SNAPSHOT.jar:/home/sudhirk/.m2/repository/org/springframework/boot/spring-boot-test/2.2.0.BUILD-SNAPSHOT/spring-boot-test-2.2.0.BUILD-SNAPSHOT.jar:/home/sudhirk/.m2/repository/org/springframework/boot/spring-boot-test-autoconfigure/2.2.0.BUILD-SNAPSHOT/spring-boot-test-autoconfigure-2.2.0.BUILD-SNAPSHOT.jar:/home/sudhirk/.m2/repository/com/jayway/jsonpath/json-path/2.4.0/json-path-2.4.0.jar:/home/sudhirk/.m2/repository/net/minidev/json-smart/2.3/json-smart-2.3.jar:/home/sudhirk/.m2/repository/net/minidev/accessors-smart/1.2/accessors-smart-1.2.jar:/home/sudhirk/.m2/repository/org/ow2/asm/asm/5.0.4/asm-5.0.4.jar:/home/sudhirk/.m2/repository/jakarta/xml/bind/jakarta.xml.bind-api/2.3.2/jakarta.xml.bind-api-2.3.2.jar:/home/sudhirk/.m2/repository/junit/junit/4.12/junit-4.12.jar:/home/sudhirk/.m2/repository/org/assertj/assertj-core/3.12.2/assertj-core-3.12.2.jar:/home/sudhirk/.m2/repository/org/hamcrest/hamcrest-core/1.3/hamcrest-core-1.3.jar:/home/sudhirk/.m2/repository/org/hamcrest/hamcrest-library/1.3/hamcrest-library-1.3.jar:/home/sudhirk/.m2/repository/org/mockito/mockito-core/2.25.1/mockito-core-2.25.1.jar:/home/sudhirk/.m2/repository/net/bytebuddy/byte-buddy-agent/1.9.12/byte-buddy-agent-1.9.12.jar:/home/sudhirk/.m2/repository/org/objenesis/objenesis/2.6/objenesis-2.6.jar:/home/sudhirk/.m2/repository/org/skyscreamer/jsonassert/1.5.0/jsonassert-1.5.0.jar:/home/sudhirk/.m2/repository/com/vaadin/external/google/android-json/0.0.20131108.vaadin1/android-json-0.0.20131108.vaadin1.jar:/home/sudhirk/.m2/repository/org/springframework/spring-core/5.2.0.M1/spring-core-5.2.0.M1.jar:/home/sudhirk/.m2/repository/org/springframework/spring-jcl/5.2.0.M1/spring-jcl-5.2.0.M1.jar:/home/sudhirk/.m2/repository/org/springframework/spring-test/5.2.0.M1/spring-test-5.2.0.M1.jar:/home/sudhirk/.m2/repository/org/xmlunit/xmlunit-core/2.6.2/xmlunit-core-2.6.2.jar:/home/sudhirk/.m2/repository/org/springframework/boot/spring-boot-starter-security/2.2.0.BUILD-SNAPSHOT/spring-boot-starter-security-2.2.0.BUILD-SNAPSHOT.jar:/home/sudhirk/.m2/repository/org/springframework/spring-aop/5.2.0.M1/spring-aop-5.2.0.M1.jar:/home/sudhirk/.m2/repository/org/springframework/security/spring-security-config/5.2.0.M2/spring-security-config-5.2.0.M2.jar:/home/sudhirk/.m2/repository/org/springframework/security/spring-security-web/5.2.0.M2/spring-security-web-5.2.0.M2.jar:/home/sudhirk/.m2/repository/org/springframework/security/spring-security-core/5.2.0.M2/spring-security-core-5.2.0.M2.jar:/home/sudhirk/.m2/repository/org/springframework/spring-beans/5.2.0.M1/spring-beans-5.2.0.M1.jar:/home/sudhirk/.m2/repository/org/springframework/spring-context/5.2.0.M1/spring-context-5.2.0.M1.jar:/home/sudhirk/.m2/repository/org/springframework/spring-expression/5.2.0.M1/spring-expression-5.2.0.M1.jar:"/>
    <property name="java.vm.vendor" value="Oracle Corporation"/>
    <property name="sun.arch.data.model" value="64"/>
    <property name="java.vendor.url" value="http://java.oracle.com/"/>
    <property name="user.timezone" value=""/>
    <property name="java.vm.specification.version" value="1.8"/>
    <property name="os.name" value="Linux"/>
    <property name="user.country" value="IN"/>
    <property name="sun.java.launcher" value="SUN_STANDARD"/>
    <property name="sun.boot.library.path" value="/usr/lib/jvm/java-8-openjdk-amd64/jre/lib/amd64"/>
    <property name="sun.java.command" value="/home/sudhirk/Desktop/SpringPoc/Flash-Sale/target/surefire/surefirebooter7482193528227469202.jar /home/sudhirk/Desktop/SpringPoc/Flash-Sale/target/surefire 2019-04-26T09-14-49_172-jvmRun1 surefire4393553240315056342tmp surefire_01349215484072880078tmp"/>
    <property name="surefire.test.class.path" value="/home/sudhirk/Desktop/SpringPoc/Flash-Sale/target/test-classes:/home/sudhirk/Desktop/SpringPoc/Flash-Sale/target/classes:/home/sudhirk/.m2/repository/org/springframework/boot/spring-boot-starter-actuator/2.2.0.BUILD-SNAPSHOT/spring-boot-starter-actuator-2.2.0.BUILD-SNAPSHOT.jar:/home/sudhirk/.m2/repository/org/springframework/boot/spring-boot-starter/2.2.0.BUILD-SNAPSHOT/spring-boot-starter-2.2.0.BUILD-SNAPSHOT.jar:/home/sudhirk/.m2/repository/org/springframework/boot/spring-boot-starter-logging/2.2.0.BUILD-SNAPSHOT/spring-boot-starter-logging-2.2.0.BUILD-SNAPSHOT.jar:/home/sudhirk/.m2/repository/ch/qos/logback/logback-classic/1.2.3/logback-classic-1.2.3.jar:/home/sudhirk/.m2/repository/ch/qos/logback/logback-core/1.2.3/logback-core-1.2.3.jar:/home/sudhirk/.m2/repository/org/apache/logging/log4j/log4j-to-slf4j/2.11.2/log4j-to-slf4j-2.11.2.jar:/home/sudhirk/.m2/repository/org/apache/logging/log4j/log4j-api/2.11.2/log4j-api-2.11.2.jar:/home/sudhirk/.m2/repository/org/slf4j/jul-to-slf4j/1.7.26/jul-to-slf4j-1.7.26.jar:/home/sudhirk/.m2/repository/jakarta/annotation/jakarta.annotation-api/1.3.4/jakarta.annotation-api-1.3.4.jar:/home/sudhirk/.m2/repository/org/yaml/snakeyaml/1.24/snakeyaml-1.24.jar:/home/sudhirk/.m2/repository/org/springframework/boot/spring-boot-actuator-autoconfigure/2.2.0.BUILD-SNAPSHOT/spring-boot-actuator-autoconfigure-2.2.0.BUILD-SNAPSHOT.jar:/home/sudhirk/.m2/repository/org/springframework/boot/spring-boot-actuator/2.2.0.BUILD-SNAPSHOT/spring-boot-actuator-2.2.0.BUILD-SNAPSHOT.jar:/home/sudhirk/.m2/repository/com/fasterxml/jackson/core/jackson-databind/2.9.8/jackson-databind-2.9.8.jar:/home/sudhirk/.m2/repository/com/fasterxml/jackson/core/jackson-annotations/2.9.0/jackson-annotations-2.9.0.jar:/home/sudhirk/.m2/repository/com/fasterxml/jackson/core/jackson-core/2.9.8/jackson-core-2.9.8.jar:/home/sudhirk/.m2/repository/com/fasterxml/jackson/datatype/jackson-datatype-jsr310/2.9.8/jackson-datatype-jsr310-2.9.8.jar:/home/sudhirk/.m2/repository/io/micrometer/micrometer-core/1.1.4/micrometer-core-1.1.4.jar:/home/sudhirk/.m2/repository/org/hdrhistogram/HdrHistogram/2.1.9/HdrHistogram-2.1.9.jar:/home/sudhirk/.m2/repository/org/latencyutils/LatencyUtils/2.0.3/LatencyUtils-2.0.3.jar:/home/sudhirk/.m2/repository/org/springframework/boot/spring-boot-starter-data-jpa/2.2.0.BUILD-SNAPSHOT/spring-boot-starter-data-jpa-2.2.0.BUILD-SNAPSHOT.jar:/home/sudhirk/.m2/repository/org/springframework/boot/spring-boot-starter-aop/2.2.0.BUILD-SNAPSHOT/spring-boot-starter-aop-2.2.0.BUILD-SNAPSHOT.jar:/home/sudhirk/.m2/repository/org/aspectj/aspectjweaver/1.9.3/aspectjweaver-1.9.3.jar:/home/sudhirk/.m2/repository/org/springframework/boot/spring-boot-starter-jdbc/2.2.0.BUILD-SNAPSHOT/spring-boot-starter-jdbc-2.2.0.BUILD-SNAPSHOT.jar:/home/sudhirk/.m2/repository/com/zaxxer/HikariCP/3.3.1/HikariCP-3.3.1.jar:/home/sudhirk/.m2/repository/org/springframework/spring-jdbc/5.2.0.M1/spring-jdbc-5.2.0.M1.jar:/home/sudhirk/.m2/repository/jakarta/activation/jakarta.activation-api/1.2.1/jakarta.activation-api-1.2.1.jar:/home/sudhirk/.m2/repository/jakarta/persistence/jakarta.persistence-api/2.2.2/jakarta.persistence-api-2.2.2.jar:/home/sudhirk/.m2/repository/jakarta/transaction/jakarta.transaction-api/1.3.2/jakarta.transaction-api-1.3.2.jar:/home/sudhirk/.m2/repository/org/hibernate/hibernate-core/5.4.2.Final/hibernate-core-5.4.2.Final.jar:/home/sudhirk/.m2/repository/org/jboss/logging/jboss-logging/3.3.2.Final/jboss-logging-3.3.2.Final.jar:/home/sudhirk/.m2/repository/org/javassist/javassist/3.24.0-GA/javassist-3.24.0-GA.jar:/home/sudhirk/.m2/repository/net/bytebuddy/byte-buddy/1.9.12/byte-buddy-1.9.12.jar:/home/sudhirk/.m2/repository/antlr/antlr/2.7.7/antlr-2.7.7.jar:/home/sudhirk/.m2/repository/org/jboss/jandex/2.0.5.Final/jandex-2.0.5.Final.jar:/home/sudhirk/.m2/repository/com/fasterxml/classmate/1.5.0/classmate-1.5.0.jar:/home/sudhirk/.m2/repository/org/dom4j/dom4j/2.1.1/dom4j-2.1.1.jar:/home/sudhirk/.m2/repository/org/hibernate/common/hibernate-commons-annotations/5.1.0.Final/hibernate-commons-annotations-5.1.0.Final.jar:/home/sudhirk/.m2/repository/org/glassfish/jaxb/jaxb-runtime/2.3.2/jaxb-runtime-2.3.2.jar:/home/sudhirk/.m2/repository/org/glassfish/jaxb/txw2/2.3.2/txw2-2.3.2.jar:/home/sudhirk/.m2/repository/com/sun/istack/istack-commons-runtime/3.0.8/istack-commons-runtime-3.0.8.jar:/home/sudhirk/.m2/repository/org/jvnet/staxex/stax-ex/1.8.1/stax-ex-1.8.1.jar:/home/sudhirk/.m2/repository/com/sun/xml/fastinfoset/FastInfoset/1.2.16/FastInfoset-1.2.16.jar:/home/sudhirk/.m2/repository/org/springframework/data/spring-data-jpa/2.2.0.M3/spring-data-jpa-2.2.0.M3.jar:/home/sudhirk/.m2/repository/org/springframework/data/spring-data-commons/2.2.0.M3/spring-data-commons-2.2.0.M3.jar:/home/sudhirk/.m2/repository/org/springframework/spring-orm/5.2.0.M1/spring-orm-5.2.0.M1.jar:/home/sudhirk/.m2/repository/org/springframework/spring-tx/5.2.0.M1/spring-tx-5.2.0.M1.jar:/home/sudhirk/.m2/repository/org/slf4j/slf4j-api/1.7.26/slf4j-api-1.7.26.jar:/home/sudhirk/.m2/repository/org/springframework/spring-aspects/5.2.0.M1/spring-aspects-5.2.0.M1.jar:/home/sudhirk/.m2/repository/org/springframework/boot/spring-boot-starter-thymeleaf/2.2.0.BUILD-SNAPSHOT/spring-boot-starter-thymeleaf-2.2.0.BUILD-SNAPSHOT.jar:/home/sudhirk/.m2/repository/org/thymeleaf/thymeleaf-spring5/3.0.11.RELEASE/thymeleaf-spring5-3.0.11.RELEASE.jar:/home/sudhirk/.m2/repository/org/thymeleaf/thymeleaf/3.0.11.RELEASE/thymeleaf-3.0.11.RELEASE.jar:/home/sudhirk/.m2/repository/org/attoparser/attoparser/2.0.5.RELEASE/attoparser-2.0.5.RELEASE.jar:/home/sudhirk/.m2/repository/org/unbescape/unbescape/1.1.6.RELEASE/unbescape-1.1.6.RELEASE.jar:/home/sudhirk/.m2/repository/org/thymeleaf/extras/thymeleaf-extras-java8time/3.0.4.RELEASE/thymeleaf-extras-java8time-3.0.4.RELEASE.jar:/home/sudhirk/.m2/repository/org/springframework/boot/spring-boot-starter-web/2.2.0.BUILD-SNAPSHOT/spring-boot-starter-web-2.2.0.BUILD-SNAPSHOT.jar:/home/sudhirk/.m2/repository/org/springframework/boot/spring-boot-starter-json/2.2.0.BUILD-SNAPSHOT/spring-boot-starter-json-2.2.0.BUILD-SNAPSHOT.jar:/home/sudhirk/.m2/repository/com/fasterxml/jackson/datatype/jackson-datatype-jdk8/2.9.8/jackson-datatype-jdk8-2.9.8.jar:/home/sudhirk/.m2/repository/com/fasterxml/jackson/module/jackson-module-parameter-names/2.9.8/jackson-module-parameter-names-2.9.8.jar:/home/sudhirk/.m2/repository/org/springframework/boot/spring-boot-starter-tomcat/2.2.0.BUILD-SNAPSHOT/spring-boot-starter-tomcat-2.2.0.BUILD-SNAPSHOT.jar:/home/sudhirk/.m2/repository/org/apache/tomcat/embed/tomcat-embed-core/9.0.19/tomcat-embed-core-9.0.19.jar:/home/sudhirk/.m2/repository/org/apache/tomcat/embed/tomcat-embed-el/9.0.19/tomcat-embed-el-9.0.19.jar:/home/sudhirk/.m2/repository/org/apache/tomcat/embed/tomcat-embed-websocket/9.0.19/tomcat-embed-websocket-9.0.19.jar:/home/sudhirk/.m2/repository/org/springframework/boot/spring-boot-starter-validation/2.2.0.BUILD-SNAPSHOT/spring-boot-starter-validation-2.2.0.BUILD-SNAPSHOT.jar:/home/sudhirk/.m2/repository/jakarta/validation/jakarta.validation-api/2.0.1/jakarta.validation-api-2.0.1.jar:/home/sudhirk/.m2/repository/org/hibernate/validator/hibernate-validator/6.0.16.Final/hibernate-validator-6.0.16.Final.jar:/home/sudhirk/.m2/repository/org/springframework/spring-web/5.2.0.M1/spring-web-5.2.0.M1.jar:/home/sudhirk/.m2/repository/org/springframework/spring-webmvc/5.2.0.M1/spring-webmvc-5.2.0.M1.jar:/home/sudhirk/.m2/repository/com/h2database/h2/1.4.199/h2-1.4.199.jar:/home/sudhirk/.m2/repository/commons-validator/commons-validator/1.4.0/commons-validator-1.4.0.jar:/home/sudhirk/.m2/repository/commons-beanutils/commons-beanutils/1.8.3/commons-beanutils-1.8.3.jar:/home/sudhirk/.m2/repository/commons-digester/commons-digester/1.8/commons-digester-1.8.jar:/home/sudhirk/.m2/repository/commons-logging/commons-logging/1.1.1/commons-logging-1.1.1.jar:/home/sudhirk/.m2/repository/org/springframework/boot/spring-boot-devtools/2.2.0.BUILD-SNAPSHOT/spring-boot-devtools-2.2.0.BUILD-SNAPSHOT.jar:/home/sudhirk/.m2/repository/org/springframework/boot/spring-boot/2.2.0.BUILD-SNAPSHOT/spring-boot-2.2.0.BUILD-SNAPSHOT.jar:/home/sudhirk/.m2/repository/org/springframework/boot/spring-boot-autoconfigure/2.2.0.BUILD-SNAPSHOT/spring-boot-autoconfigure-2.2.0.BUILD-SNAPSHOT.jar:/home/sudhirk/.m2/repository/org/springframework/boot/spring-boot-starter-test/2.2.0.BUILD-SNAPSHOT/spring-boot-starter-test-2.2.0.BUILD-SNAPSHOT.jar:/home/sudhirk/.m2/repository/org/springframework/boot/spring-boot-test/2.2.0.BUILD-SNAPSHOT/spring-boot-test-2.2.0.BUILD-SNAPSHOT.jar:/home/sudhirk/.m2/repository/org/springframework/boot/spring-boot-test-autoconfigure/2.2.0.BUILD-SNAPSHOT/spring-boot-test-autoconfigure-2.2.0.BUILD-SNAPSHOT.jar:/home/sudhirk/.m2/repository/com/jayway/jsonpath/json-path/2.4.0/json-path-2.4.0.jar:/home/sudhirk/.m2/repository/net/minidev/json-smart/2.3/json-smart-2.3.jar:/home/sudhirk/.m2/repository/net/minidev/accessors-smart/1.2/accessors-smart-1.2.jar:/home/sudhirk/.m2/repository/org/ow2/asm/asm/5.0.4/asm-5.0.4.jar:/home/sudhirk/.m2/repository/jakarta/xml/bind/jakarta.xml.bind-api/2.3.2/jakarta.xml.bind-api-2.3.2.jar:/home/sudhirk/.m2/repository/junit/junit/4.12/junit-4.12.jar:/home/sudhirk/.m2/repository/org/assertj/assertj-core/3.12.2/assertj-core-3.12.2.jar:/home/sudhirk/.m2/repository/org/hamcrest/hamcrest-core/1.3/hamcrest-core-1.3.jar:/home/sudhirk/.m2/repository/org/hamcrest/hamcrest-library/1.3/hamcrest-library-1.3.jar:/home/sudhirk/.m2/repository/org/mockito/mockito-core/2.25.1/mockito-core-2.25.1.jar:/home/sudhirk/.m2/repository/net/bytebuddy/byte-buddy-agent/1.9.12/byte-buddy-agent-1.9.12.jar:/home/sudhirk/.m2/repository/org/objenesis/objenesis/2.6/objenesis-2.6.jar:/home/sudhirk/.m2/repository/org/skyscreamer/jsonassert/1.5.0/jsonassert-1.5.0.jar:/home/sudhirk/.m2/repository/com/vaadin/external/google/android-json/0.0.20131108.vaadin1/android-json-0.0.20131108.vaadin1.jar:/home/sudhirk/.m2/repository/org/springframework/spring-core/5.2.0.M1/spring-core-5.2.0.M1.jar:/home/sudhirk/.m2/repository/org/springframework/spring-jcl/5.2.0.M1/spring-jcl-5.2.0.M1.jar:/home/sudhirk/.m2/repository/org/springframework/spring-test/5.2.0.M1/spring-test-5.2.0.M1.jar:/home/sudhirk/.m2/repository/org/xmlunit/xmlunit-core/2.6.2/xmlunit-core-2.6.2.jar:/home/sudhirk/.m2/repository/org/springframework/boot/spring-boot-starter-security/2.2.0.BUILD-SNAPSHOT/spring-boot-starter-security-2.2.0.BUILD-SNAPSHOT.jar:/home/sudhirk/.m2/repository/org/springframework/spring-aop/5.2.0.M1/spring-aop-5.2.0.M1.jar:/home/sudhirk/.m2/repository/org/springframework/security/spring-security-config/5.2.0.M2/spring-security-config-5.2.0.M2.jar:/home/sudhirk/.m2/repository/org/springframework/security/spring-security-web/5.2.0.M2/spring-security-web-5.2.0.M2.jar:/home/sudhirk/.m2/repository/org/springframework/security/spring-security-core/5.2.0.M2/spring-security-core-5.2.0.M2.jar:/home/sudhirk/.m2/repository/org/springframework/spring-beans/5.2.0.M1/spring-beans-5.2.0.M1.jar:/home/sudhirk/.m2/repository/org/springframework/spring-context/5.2.0.M1/spring-context-5.2.0.M1.jar:/home/sudhirk/.m2/repository/org/springframework/spring-expression/5.2.0.M1/spring-expression-5.2.0.M1.jar:"/>
    <property name="sun.cpu.endian" value="little"/>
    <property name="user.home" value="/home/sudhirk"/>
    <property name="user.language" value="en"/>
    <property name="java.specification.vendor" value="Oracle Corporation"/>
    <property name="java.home" value="/usr/lib/jvm/java-8-openjdk-amd64/jre"/>
    <property name="basedir" value="/home/sudhirk/Desktop/SpringPoc/Flash-Sale"/>
    <property name="style.color" value="always"/>
    <property name="file.separator" value="/"/>
    <property name="line.separator" value="&#10;"/>
    <property name="java.vm.specification.vendor" value="Oracle Corporation"/>
    <property name="java.specification.name" value="Java Platform API Specification"/>
    <property name="java.awt.graphicsenv" value="sun.awt.X11GraphicsEnvironment"/>
    <property name="surefire.real.class.path" value="/home/sudhirk/Desktop/SpringPoc/Flash-Sale/target/surefire/surefirebooter7482193528227469202.jar"/>
    <property name="sun.boot.class.path" value="/usr/lib/jvm/java-8-openjdk-amd64/jre/lib/resources.jar:/usr/lib/jvm/java-8-openjdk-amd64/jre/lib/rt.jar:/usr/lib/jvm/java-8-openjdk-amd64/jre/lib/sunrsasign.jar:/usr/lib/jvm/java-8-openjdk-amd64/jre/lib/jsse.jar:/usr/lib/jvm/java-8-openjdk-amd64/jre/lib/jce.jar:/usr/lib/jvm/java-8-openjdk-amd64/jre/lib/charsets.jar:/usr/lib/jvm/java-8-openjdk-amd64/jre/lib/jfr.jar:/usr/lib/jvm/java-8-openjdk-amd64/jre/classes"/>
    <property name="sun.management.compiler" value="HotSpot 64-Bit Tiered Compilers"/>
    <property name="java.runtime.version" value="1.8.0_191-8u191-b12-2ubuntu0.16.04.1-b12"/>
    <property name="user.name" value="sudhirk"/>
    <property name="path.separator" value=":"/>
    <property name="os.version" value="4.15.0-47-generic"/>
    <property name="java.endorsed.dirs" value="/usr/lib/jvm/java-8-openjdk-amd64/jre/lib/endorsed"/>
    <property name="java.runtime.name" value="OpenJDK Runtime Environment"/>
    <property name="file.encoding" value="UTF-8"/>
    <property name="java.vm.name" value="OpenJDK 64-Bit Server VM"/>
    <property name="localRepository" value="/home/sudhirk/.m2/repository"/>
    <property name="java.vendor.url.bug" value="http://bugreport.sun.com/bugreport/"/>
    <property name="java.io.tmpdir" value="/tmp"/>
    <property name="java.version" value="1.8.0_191"/>
    <property name="user.dir" value="/home/sudhirk/Desktop/SpringPoc/Flash-Sale"/>
    <property name="os.arch" value="amd64"/>
    <property name="java.vm.specification.name" value="Java Virtual Machine Specification"/>
    <property name="java.awt.printerjob" value="sun.print.PSPrinterJob"/>
    <property name="sun.os.patch.level" value="unknown"/>
    <property name="java.library.path" value="/usr/java/packages/lib/amd64:/usr/lib/x86_64-linux-gnu/jni:/lib/x86_64-linux-gnu:/usr/lib/x86_64-linux-gnu:/usr/lib/jni:/lib:/usr/lib"/>
    <property name="java.vm.info" value="mixed mode"/>
    <property name="java.vendor" value="Oracle Corporation"/>
    <property name="java.vm.version" value="25.191-b12"/>
    <property name="java.ext.dirs" value="/usr/lib/jvm/java-8-openjdk-amd64/jre/lib/ext:/usr/java/packages/lib/ext"/>
    <property name="sun.io.unicode.encoding" value="UnicodeLittle"/>
    <property name="java.class.version" value="52.0"/>
  </properties>
  <testcase name="contextLoads" classname="com.pramati.sale.FlashSaleApplicationTests" time="0.042"/>
</testsuite>